[2025-03-07 06:51:42] local.ERROR: Add [_token] to fillable property to allow mass assignment on [App\Models\Client]. {"exception":"[object] (Illuminate\\Database\\Eloquent\\MassAssignmentException(code: 0): Add [_token] to fillable property to allow mass assignment on [App\\Models\\Client]. at C:\\Users\\Home\\Desktop\\3 курс лаб\\2 сем\\веб метелап\\2lab\\ClientFormApp\\vendor\\laravel\\framework\\src\\Illuminate\\Database\\Eloquent\\Model.php:525)
[stacktrace]
#0 C:\\Users\\Home\\Desktop\\3 курс лаб\\2 сем\\веб метелап\\2lab\\ClientFormApp\\vendor\\laravel\\framework\\src\\Illuminate\\Database\\Eloquent\\Model.php(614): Illuminate\\Database\\Eloquent\\Model->fill(Array)
#1 C:\\Users\\Home\\Desktop\\3 курс лаб\\2 сем\\веб метелап\\2lab\\ClientFormApp\\vendor\\laravel\\framework\\src\\Illuminate\\Database\\Eloquent\\Builder.php(1539): Illuminate\\Database\\Eloquent\\Model->newInstance(Array)
#2 C:\\Users\\Home\\Desktop\\3 курс лаб\\2 сем\\веб метелап\\2lab\\ClientFormApp\\vendor\\laravel\\framework\\src\\Illuminate\\Database\\Eloquent\\Builder.php(1024): Illuminate\\Database\\Eloquent\\Builder->newModelInstance(Array)
#3 C:\\Users\\Home\\Desktop\\3 курс лаб\\2 сем\\веб метелап\\2lab\\ClientFormApp\\vendor\\laravel\\framework\\src\\Illuminate\\Support\\Traits\\ForwardsCalls.php(23): Illuminate\\Database\\Eloquent\\Builder->create(Array)
#4 C:\\Users\\Home\\Desktop\\3 курс лаб\\2 сем\\веб метелап\\2lab\\ClientFormApp\\vendor\\laravel\\framework\\src\\Illuminate\\Database\\Eloquent\\Model.php(2335): Illuminate\\Database\\Eloquent\\Model->forwardCallTo(Object(Illuminate\\Database\\Eloquent\\Builder), 'create', Array)
#5 C:\\Users\\Home\\Desktop\\3 курс лаб\\2 сем\\веб метелап\\2lab\\ClientFormApp\\vendor\\laravel\\framework\\src\\Illuminate\\Database\\Eloquent\\Model.php(2347): Illuminate\\Database\\Eloquent\\Model->__call('create', Array)
#6 C:\\Users\\Home\\Desktop\\3 курс лаб\\2 сем\\веб метелап\\2lab\\ClientFormApp\\app\\Http\\Controllers\\ClientController.php(24): Illuminate\\Database\\Eloquent\\Model::__callStatic('create', Array)
#7 C:\\Users\\Home\\Desktop\\3 курс лаб\\2 сем\\веб метелап\\2lab\\ClientFormApp\\vendor\\laravel\\framework\\src\\Illuminate\\Routing\\Controller.php(54): App\\Http\\Controllers\\ClientController->store(Object(Illuminate\\Http\\Request))
#8 C:\\Users\\Home\\Desktop\\3 курс лаб\\2 сем\\веб метелап\\2lab\\ClientFormApp\\vendor\\laravel\\framework\\src\\Illuminate\\Routing\\ControllerDispatcher.php(43): Illuminate\\Routing\\Controller->callAction('store', Array)
#9 C:\\Users\\Home\\Desktop\\3 курс лаб\\2 сем\\веб метелап\\2lab\\ClientFormApp\\vendor\\laravel\\framework\\src\\Illuminate\\Routing\\Route.php(260): Illuminate\\Routing\\ControllerDispatcher->dispatch(Object(Illuminate\\Routing\\Route), Object(App\\Http\\Controllers\\ClientController), 'store')
#10 C:\\Users\\Home\\Desktop\\3 курс лаб\\2 сем\\веб метелап\\2lab\\ClientFormApp\\vendor\\laravel\\framework\\src\\Illuminate\\Routing\\Route.php(205): Illuminate\\Routing\\Route->runController()
#11 C:\\Users\\Home\\Desktop\\3 курс лаб\\2 сем\\веб метелап\\2lab\\ClientFormApp\\vendor\\laravel\\framework\\src\\Illuminate\\Routing\\Router.php(806): Illuminate\\Routing\\Route->run()
#12 C:\\Users\\Home\\Desktop\\3 курс лаб\\2 сем\\веб метелап\\2lab\\ClientFormApp\\vendor\\laravel\\framework\\src\\Illuminate\\Pipeline\\Pipeline.php(144): Illuminate\\Routing\\Router->Illuminate\\Routing\\{closure}(Object(Illuminate\\Http\\Request))
#13 C:\\Users\\Home\\Desktop\\3 курс лаб\\2 сем\\веб метелап\\2lab\\ClientFormApp\\vendor\\laravel\\framework\\src\\Illuminate\\Routing\\Middleware\\SubstituteBindings.php(50): Illuminate\\Pipeline\\Pipeline->Illuminate\\Pipeline\\{closure}(Object(Illuminate\\Http\\Request))
#14 C:\\Users\\Home\\Desktop\\3 курс лаб\\2 сем\\веб метелап\\2lab\\ClientFormApp\\vendor\\laravel\\framework\\src\\Illuminate\\Pipeline\\Pipeline.php(183): Illuminate\\Routing\\Middleware\\SubstituteBindings->handle(Object(Illuminate\\Http\\Request), Object(Closure))
#15 C:\\Users\\Home\\Desktop\\3 курс лаб\\2 сем\\веб метелап\\2lab\\ClientFormApp\\vendor\\laravel\\framework\\src\\Illuminate\\Foundation\\Http\\Middleware\\VerifyCsrfToken.php(78): Illuminate\\Pipeline\\Pipeline->Illuminate\\Pipeline\\{closure}(Object(Illuminate\\Http\\Request))
#16 C:\\Users\\Home\\Desktop\\3 курс лаб\\2 сем\\веб метелап\\2lab\\ClientFormApp\\vendor\\laravel\\framework\\src\\Illuminate\\Pipeline\\Pipeline.php(183): Illuminate\\Foundation\\Http\\Middleware\\VerifyCsrfToken->handle(Object(Illuminate\\Http\\Request), Object(Closure))
#17 C:\\Users\\Home\\Desktop\\3 курс лаб\\2 сем\\веб метелап\\2lab\\ClientFormApp\\vendor\\laravel\\framework\\src\\Illuminate\\View\\Middleware\\ShareErrorsFromSession.php(49): Illuminate\\Pipeline\\Pipeline->Illuminate\\Pipeline\\{closure}(Object(Illuminate\\Http\\Request))
#18 C:\\Users\\Home\\Desktop\\3 курс лаб\\2 сем\\веб метелап\\2lab\\ClientFormApp\\vendor\\laravel\\framework\\src\\Illuminate\\Pipeline\\Pipeline.php(183): Illuminate\\View\\Middleware\\ShareErrorsFromSession->handle(Object(Illuminate\\Http\\Request), Object(Closure))
#19 C:\\Users\\Home\\Desktop\\3 курс лаб\\2 сем\\веб метелап\\2lab\\ClientFormApp\\vendor\\laravel\\framework\\src\\Illuminate\\Session\\Middleware\\StartSession.php(121): Illuminate\\Pipeline\\Pipeline->Illuminate\\Pipeline\\{closure}(Object(Illuminate\\Http\\Request))
#20 C:\\Users\\Home\\Desktop\\3 курс лаб\\2 сем\\веб метелап\\2lab\\ClientFormApp\\vendor\\laravel\\framework\\src\\Illuminate\\Session\\Middleware\\StartSession.php(64): Illuminate\\Session\\Middleware\\StartSession->handleStatefulRequest(Object(Illuminate\\Http\\Request), Object(Illuminate\\Session\\Store), Object(Closure))
#21 C:\\Users\\Home\\Desktop\\3 курс лаб\\2 сем\\веб метелап\\2lab\\ClientFormApp\\vendor\\laravel\\framework\\src\\Illuminate\\Pipeline\\Pipeline.php(183): Illuminate\\Session\\Middleware\\StartSession->handle(Object(Illuminate\\Http\\Request), Object(Closure))
#22 C:\\Users\\Home\\Desktop\\3 курс лаб\\2 сем\\веб метелап\\2lab\\ClientFormApp\\vendor\\laravel\\framework\\src\\Illuminate\\Cookie\\Middleware\\AddQueuedCookiesToResponse.php(37): Illuminate\\Pipeline\\Pipeline->Illuminate\\Pipeline\\{closure}(Object(Illuminate\\Http\\Request))
#23 C:\\Users\\Home\\Desktop\\3 курс лаб\\2 сем\\веб метелап\\2lab\\ClientFormApp\\vendor\\laravel\\framework\\src\\Illuminate\\Pipeline\\Pipeline.php(183): Illuminate\\Cookie\\Middleware\\AddQueuedCookiesToResponse->handle(Object(Illuminate\\Http\\Request), Object(Closure))
#24 C:\\Users\\Home\\Desktop\\3 курс лаб\\2 сем\\веб метелап\\2lab\\ClientFormApp\\vendor\\laravel\\framework\\src\\Illuminate\\Cookie\\Middleware\\EncryptCookies.php(67): Illuminate\\Pipeline\\Pipeline->Illuminate\\Pipeline\\{closure}(Object(Illuminate\\Http\\Request))
#25 C:\\Users\\Home\\Desktop\\3 курс лаб\\2 сем\\веб метелап\\2lab\\ClientFormApp\\vendor\\laravel\\framework\\src\\Illuminate\\Pipeline\\Pipeline.php(183): Illuminate\\Cookie\\Middleware\\EncryptCookies->handle(Object(Illuminate\\Http\\Request), Object(Closure))
#26 C:\\Users\\Home\\Desktop\\3 курс лаб\\2 сем\\веб метелап\\2lab\\ClientFormApp\\vendor\\laravel\\framework\\src\\Illuminate\\Pipeline\\Pipeline.php(119): Illuminate\\Pipeline\\Pipeline->Illuminate\\Pipeline\\{closure}(Object(Illuminate\\Http\\Request))
#27 C:\\Users\\Home\\Desktop\\3 курс лаб\\2 сем\\веб метелап\\2lab\\ClientFormApp\\vendor\\laravel\\framework\\src\\Illuminate\\Routing\\Router.php(807): Illuminate\\Pipeline\\Pipeline->then(Object(Closure))
#28 C:\\Users\\Home\\Desktop\\3 курс лаб\\2 сем\\веб метелап\\2lab\\ClientFormApp\\vendor\\laravel\\framework\\src\\Illuminate\\Routing\\Router.php(784): Illuminate\\Routing\\Router->runRouteWithinStack(Object(Illuminate\\Routing\\Route), Object(Illuminate\\Http\\Request))
#29 C:\\Users\\Home\\Desktop\\3 курс лаб\\2 сем\\веб метелап\\2lab\\ClientFormApp\\vendor\\laravel\\framework\\src\\Illuminate\\Routing\\Router.php(748): Illuminate\\Routing\\Router->runRoute(Object(Illuminate\\Http\\Request), Object(Illuminate\\Routing\\Route))
#30 C:\\Users\\Home\\Desktop\\3 курс лаб\\2 сем\\веб метелап\\2lab\\ClientFormApp\\vendor\\laravel\\framework\\src\\Illuminate\\Routing\\Router.php(737): Illuminate\\Routing\\Router->dispatchToRoute(Object(Illuminate\\Http\\Request))
#31 C:\\Users\\Home\\Desktop\\3 курс лаб\\2 сем\\веб метелап\\2lab\\ClientFormApp\\vendor\\laravel\\framework\\src\\Illuminate\\Foundation\\Http\\Kernel.php(200): Illuminate\\Routing\\Router->dispatch(Object(Illuminate\\Http\\Request))
#32 C:\\Users\\Home\\Desktop\\3 курс лаб\\2 сем\\веб метелап\\2lab\\ClientFormApp\\vendor\\laravel\\framework\\src\\Illuminate\\Pipeline\\Pipeline.php(144): Illuminate\\Foundation\\Http\\Kernel->Illuminate\\Foundation\\Http\\{closure}(Object(Illuminate\\Http\\Request))
#33 C:\\Users\\Home\\Desktop\\3 курс лаб\\2 сем\\веб метелап\\2lab\\ClientFormApp\\vendor\\laravel\\framework\\src\\Illuminate\\Foundation\\Http\\Middleware\\TransformsRequest.php(21): Illuminate\\Pipeline\\Pipeline->Illuminate\\Pipeline\\{closure}(Object(Illuminate\\Http\\Request))
#34 C:\\Users\\Home\\Desktop\\3 курс лаб\\2 сем\\веб метелап\\2lab\\ClientFormApp\\vendor\\laravel\\framework\\src\\Illuminate\\Foundation\\Http\\Middleware\\ConvertEmptyStringsToNull.php(31): Illuminate\\Foundation\\Http\\Middleware\\TransformsRequest->handle(Object(Illuminate\\Http\\Request), Object(Closure))
#35 C:\\Users\\Home\\Desktop\\3 курс лаб\\2 сем\\веб метелап\\2lab\\ClientFormApp\\vendor\\laravel\\framework\\src\\Illuminate\\Pipeline\\Pipeline.php(183): Illuminate\\Foundation\\Http\\Middleware\\ConvertEmptyStringsToNull->handle(Object(Illuminate\\Http\\Request), Object(Closure))
#36 C:\\Users\\Home\\Desktop\\3 курс лаб\\2 сем\\веб метелап\\2lab\\ClientFormApp\\vendor\\laravel\\framework\\src\\Illuminate\\Foundation\\Http\\Middleware\\TransformsRequest.php(21): Illuminate\\Pipeline\\Pipeline->Illuminate\\Pipeline\\{closure}(Object(Illuminate\\Http\\Request))
#37 C:\\Users\\Home\\Desktop\\3 курс лаб\\2 сем\\веб метелап\\2lab\\ClientFormApp\\vendor\\laravel\\framework\\src\\Illuminate\\Foundation\\Http\\Middleware\\TrimStrings.php(40): Illuminate\\Foundation\\Http\\Middleware\\TransformsRequest->handle(Object(Illuminate\\Http\\Request), Object(Closure))
#38 C:\\Users\\Home\\Desktop\\3 курс лаб\\2 сем\\веб метелап\\2lab\\ClientFormApp\\vendor\\laravel\\framework\\src\\Illuminate\\Pipeline\\Pipeline.php(183): Illuminate\\Foundation\\Http\\Middleware\\TrimStrings->handle(Object(Illuminate\\Http\\Request), Object(Closure))
#39 C:\\Users\\Home\\Desktop\\3 курс лаб\\2 сем\\веб метелап\\2lab\\ClientFormApp\\vendor\\laravel\\framework\\src\\Illuminate\\Foundation\\Http\\Middleware\\ValidatePostSize.php(27): Illuminate\\Pipeline\\Pipeline->Illuminate\\Pipeline\\{closure}(Object(Illuminate\\Http\\Request))
#40 C:\\Users\\Home\\Desktop\\3 курс лаб\\2 сем\\веб метелап\\2lab\\ClientFormApp\\vendor\\laravel\\framework\\src\\Illuminate\\Pipeline\\Pipeline.php(183): Illuminate\\Foundation\\Http\\Middleware\\ValidatePostSize->handle(Object(Illuminate\\Http\\Request), Object(Closure))
#41 C:\\Users\\Home\\Desktop\\3 курс лаб\\2 сем\\веб метелап\\2lab\\ClientFormApp\\vendor\\laravel\\framework\\src\\Illuminate\\Foundation\\Http\\Middleware\\PreventRequestsDuringMaintenance.php(99): Illuminate\\Pipeline\\Pipeline->Illuminate\\Pipeline\\{closure}(Object(Illuminate\\Http\\Request))
#42 C:\\Users\\Home\\Desktop\\3 курс лаб\\2 сем\\веб метелап\\2lab\\ClientFormApp\\vendor\\laravel\\framework\\src\\Illuminate\\Pipeline\\Pipeline.php(183): Illuminate\\Foundation\\Http\\Middleware\\PreventRequestsDuringMaintenance->handle(Object(Illuminate\\Http\\Request), Object(Closure))
#43 C:\\Users\\Home\\Desktop\\3 курс лаб\\2 сем\\веб метелап\\2lab\\ClientFormApp\\vendor\\laravel\\framework\\src\\Illuminate\\Http\\Middleware\\HandleCors.php(49): Illuminate\\Pipeline\\Pipeline->Illuminate\\Pipeline\\{closure}(Object(Illuminate\\Http\\Request))
#44 C:\\Users\\Home\\Desktop\\3 курс лаб\\2 сем\\веб метелап\\2lab\\ClientFormApp\\vendor\\laravel\\framework\\src\\Illuminate\\Pipeline\\Pipeline.php(183): Illuminate\\Http\\Middleware\\HandleCors->handle(Object(Illuminate\\Http\\Request), Object(Closure))
#45 C:\\Users\\Home\\Desktop\\3 курс лаб\\2 сем\\веб метелап\\2lab\\ClientFormApp\\vendor\\laravel\\framework\\src\\Illuminate\\Http\\Middleware\\TrustProxies.php(39): Illuminate\\Pipeline\\Pipeline->Illuminate\\Pipeline\\{closure}(Object(Illuminate\\Http\\Request))
#46 C:\\Users\\Home\\Desktop\\3 курс лаб\\2 сем\\веб метелап\\2lab\\ClientFormApp\\vendor\\laravel\\framework\\src\\Illuminate\\Pipeline\\Pipeline.php(183): Illuminate\\Http\\Middleware\\TrustProxies->handle(Object(Illuminate\\Http\\Request), Object(Closure))
#47 C:\\Users\\Home\\Desktop\\3 курс лаб\\2 сем\\веб метелап\\2lab\\ClientFormApp\\vendor\\laravel\\framework\\src\\Illuminate\\Pipeline\\Pipeline.php(119): Illuminate\\Pipeline\\Pipeline->Illuminate\\Pipeline\\{closure}(Object(Illuminate\\Http\\Request))
#48 C:\\Users\\Home\\Desktop\\3 курс лаб\\2 сем\\веб метелап\\2lab\\ClientFormApp\\vendor\\laravel\\framework\\src\\Illuminate\\Foundation\\Http\\Kernel.php(175): Illuminate\\Pipeline\\Pipeline->then(Object(Closure))
#49 C:\\Users\\Home\\Desktop\\3 курс лаб\\2 сем\\веб метелап\\2lab\\ClientFormApp\\vendor\\laravel\\framework\\src\\Illuminate\\Foundation\\Http\\Kernel.php(144): Illuminate\\Foundation\\Http\\Kernel->sendRequestThroughRouter(Object(Illuminate\\Http\\Request))
#50 C:\\Users\\Home\\Desktop\\3 курс лаб\\2 сем\\веб метелап\\2lab\\ClientFormApp\\public\\index.php(52): Illuminate\\Foundation\\Http\\Kernel->handle(Object(Illuminate\\Http\\Request))
#51 C:\\Users\\Home\\Desktop\\3 курс лаб\\2 сем\\веб метелап\\2lab\\ClientFormApp\\vendor\\laravel\\framework\\src\\Illuminate\\Foundation\\resources\\server.php(16): require_once('C:\\\\Users\\\\Home\\\\D...')
#52 {main}
"} 
[2025-03-07 06:54:12] local.ERROR: Add [_token] to fillable property to allow mass assignment on [App\Models\Client]. {"exception":"[object] (Illuminate\\Database\\Eloquent\\MassAssignmentException(code: 0): Add [_token] to fillable property to allow mass assignment on [App\\Models\\Client]. at C:\\Users\\Home\\Desktop\\3 курс лаб\\2 сем\\веб метелап\\2lab\\ClientFormApp\\vendor\\laravel\\framework\\src\\Illuminate\\Database\\Eloquent\\Model.php:525)
[stacktrace]
#0 C:\\Users\\Home\\Desktop\\3 курс лаб\\2 сем\\веб метелап\\2lab\\ClientFormApp\\vendor\\laravel\\framework\\src\\Illuminate\\Database\\Eloquent\\Model.php(614): Illuminate\\Database\\Eloquent\\Model->fill(Array)
#1 C:\\Users\\Home\\Desktop\\3 курс лаб\\2 сем\\веб метелап\\2lab\\ClientFormApp\\vendor\\laravel\\framework\\src\\Illuminate\\Database\\Eloquent\\Builder.php(1539): Illuminate\\Database\\Eloquent\\Model->newInstance(Array)
#2 C:\\Users\\Home\\Desktop\\3 курс лаб\\2 сем\\веб метелап\\2lab\\ClientFormApp\\vendor\\laravel\\framework\\src\\Illuminate\\Database\\Eloquent\\Builder.php(1024): Illuminate\\Database\\Eloquent\\Builder->newModelInstance(Array)
#3 C:\\Users\\Home\\Desktop\\3 курс лаб\\2 сем\\веб метелап\\2lab\\ClientFormApp\\vendor\\laravel\\framework\\src\\Illuminate\\Support\\Traits\\ForwardsCalls.php(23): Illuminate\\Database\\Eloquent\\Builder->create(Array)
#4 C:\\Users\\Home\\Desktop\\3 курс лаб\\2 сем\\веб метелап\\2lab\\ClientFormApp\\vendor\\laravel\\framework\\src\\Illuminate\\Database\\Eloquent\\Model.php(2335): Illuminate\\Database\\Eloquent\\Model->forwardCallTo(Object(Illuminate\\Database\\Eloquent\\Builder), 'create', Array)
#5 C:\\Users\\Home\\Desktop\\3 курс лаб\\2 сем\\веб метелап\\2lab\\ClientFormApp\\vendor\\laravel\\framework\\src\\Illuminate\\Database\\Eloquent\\Model.php(2347): Illuminate\\Database\\Eloquent\\Model->__call('create', Array)
#6 C:\\Users\\Home\\Desktop\\3 курс лаб\\2 сем\\веб метелап\\2lab\\ClientFormApp\\app\\Http\\Controllers\\ClientController.php(24): Illuminate\\Database\\Eloquent\\Model::__callStatic('create', Array)
#7 C:\\Users\\Home\\Desktop\\3 курс лаб\\2 сем\\веб метелап\\2lab\\ClientFormApp\\vendor\\laravel\\framework\\src\\Illuminate\\Routing\\Controller.php(54): App\\Http\\Controllers\\ClientController->store(Object(Illuminate\\Http\\Request))
#8 C:\\Users\\Home\\Desktop\\3 курс лаб\\2 сем\\веб метелап\\2lab\\ClientFormApp\\vendor\\laravel\\framework\\src\\Illuminate\\Routing\\ControllerDispatcher.php(43): Illuminate\\Routing\\Controller->callAction('store', Array)
#9 C:\\Users\\Home\\Desktop\\3 курс лаб\\2 сем\\веб метелап\\2lab\\ClientFormApp\\vendor\\laravel\\framework\\src\\Illuminate\\Routing\\Route.php(260): Illuminate\\Routing\\ControllerDispatcher->dispatch(Object(Illuminate\\Routing\\Route), Object(App\\Http\\Controllers\\ClientController), 'store')
#10 C:\\Users\\Home\\Desktop\\3 курс лаб\\2 сем\\веб метелап\\2lab\\ClientFormApp\\vendor\\laravel\\framework\\src\\Illuminate\\Routing\\Route.php(205): Illuminate\\Routing\\Route->runController()
#11 C:\\Users\\Home\\Desktop\\3 курс лаб\\2 сем\\веб метелап\\2lab\\ClientFormApp\\vendor\\laravel\\framework\\src\\Illuminate\\Routing\\Router.php(806): Illuminate\\Routing\\Route->run()
#12 C:\\Users\\Home\\Desktop\\3 курс лаб\\2 сем\\веб метелап\\2lab\\ClientFormApp\\vendor\\laravel\\framework\\src\\Illuminate\\Pipeline\\Pipeline.php(144): Illuminate\\Routing\\Router->Illuminate\\Routing\\{closure}(Object(Illuminate\\Http\\Request))
#13 C:\\Users\\Home\\Desktop\\3 курс лаб\\2 сем\\веб метелап\\2lab\\ClientFormApp\\vendor\\laravel\\framework\\src\\Illuminate\\Routing\\Middleware\\SubstituteBindings.php(50): Illuminate\\Pipeline\\Pipeline->Illuminate\\Pipeline\\{closure}(Object(Illuminate\\Http\\Request))
#14 C:\\Users\\Home\\Desktop\\3 курс лаб\\2 сем\\веб метелап\\2lab\\ClientFormApp\\vendor\\laravel\\framework\\src\\Illuminate\\Pipeline\\Pipeline.php(183): Illuminate\\Routing\\Middleware\\SubstituteBindings->handle(Object(Illuminate\\Http\\Request), Object(Closure))
#15 C:\\Users\\Home\\Desktop\\3 курс лаб\\2 сем\\веб метелап\\2lab\\ClientFormApp\\vendor\\laravel\\framework\\src\\Illuminate\\Foundation\\Http\\Middleware\\VerifyCsrfToken.php(78): Illuminate\\Pipeline\\Pipeline->Illuminate\\Pipeline\\{closure}(Object(Illuminate\\Http\\Request))
#16 C:\\Users\\Home\\Desktop\\3 курс лаб\\2 сем\\веб метелап\\2lab\\ClientFormApp\\vendor\\laravel\\framework\\src\\Illuminate\\Pipeline\\Pipeline.php(183): Illuminate\\Foundation\\Http\\Middleware\\VerifyCsrfToken->handle(Object(Illuminate\\Http\\Request), Object(Closure))
#17 C:\\Users\\Home\\Desktop\\3 курс лаб\\2 сем\\веб метелап\\2lab\\ClientFormApp\\vendor\\laravel\\framework\\src\\Illuminate\\View\\Middleware\\ShareErrorsFromSession.php(49): Illuminate\\Pipeline\\Pipeline->Illuminate\\Pipeline\\{closure}(Object(Illuminate\\Http\\Request))
#18 C:\\Users\\Home\\Desktop\\3 курс лаб\\2 сем\\веб метелап\\2lab\\ClientFormApp\\vendor\\laravel\\framework\\src\\Illuminate\\Pipeline\\Pipeline.php(183): Illuminate\\View\\Middleware\\ShareErrorsFromSession->handle(Object(Illuminate\\Http\\Request), Object(Closure))
#19 C:\\Users\\Home\\Desktop\\3 курс лаб\\2 сем\\веб метелап\\2lab\\ClientFormApp\\vendor\\laravel\\framework\\src\\Illuminate\\Session\\Middleware\\StartSession.php(121): Illuminate\\Pipeline\\Pipeline->Illuminate\\Pipeline\\{closure}(Object(Illuminate\\Http\\Request))
#20 C:\\Users\\Home\\Desktop\\3 курс лаб\\2 сем\\веб метелап\\2lab\\ClientFormApp\\vendor\\laravel\\framework\\src\\Illuminate\\Session\\Middleware\\StartSession.php(64): Illuminate\\Session\\Middleware\\StartSession->handleStatefulRequest(Object(Illuminate\\Http\\Request), Object(Illuminate\\Session\\Store), Object(Closure))
#21 C:\\Users\\Home\\Desktop\\3 курс лаб\\2 сем\\веб метелап\\2lab\\ClientFormApp\\vendor\\laravel\\framework\\src\\Illuminate\\Pipeline\\Pipeline.php(183): Illuminate\\Session\\Middleware\\StartSession->handle(Object(Illuminate\\Http\\Request), Object(Closure))
#22 C:\\Users\\Home\\Desktop\\3 курс лаб\\2 сем\\веб метелап\\2lab\\ClientFormApp\\vendor\\laravel\\framework\\src\\Illuminate\\Cookie\\Middleware\\AddQueuedCookiesToResponse.php(37): Illuminate\\Pipeline\\Pipeline->Illuminate\\Pipeline\\{closure}(Object(Illuminate\\Http\\Request))
#23 C:\\Users\\Home\\Desktop\\3 курс лаб\\2 сем\\веб метелап\\2lab\\ClientFormApp\\vendor\\laravel\\framework\\src\\Illuminate\\Pipeline\\Pipeline.php(183): Illuminate\\Cookie\\Middleware\\AddQueuedCookiesToResponse->handle(Object(Illuminate\\Http\\Request), Object(Closure))
#24 C:\\Users\\Home\\Desktop\\3 курс лаб\\2 сем\\веб метелап\\2lab\\ClientFormApp\\vendor\\laravel\\framework\\src\\Illuminate\\Cookie\\Middleware\\EncryptCookies.php(67): Illuminate\\Pipeline\\Pipeline->Illuminate\\Pipeline\\{closure}(Object(Illuminate\\Http\\Request))
#25 C:\\Users\\Home\\Desktop\\3 курс лаб\\2 сем\\веб метелап\\2lab\\ClientFormApp\\vendor\\laravel\\framework\\src\\Illuminate\\Pipeline\\Pipeline.php(183): Illuminate\\Cookie\\Middleware\\EncryptCookies->handle(Object(Illuminate\\Http\\Request), Object(Closure))
#26 C:\\Users\\Home\\Desktop\\3 курс лаб\\2 сем\\веб метелап\\2lab\\ClientFormApp\\vendor\\laravel\\framework\\src\\Illuminate\\Pipeline\\Pipeline.php(119): Illuminate\\Pipeline\\Pipeline->Illuminate\\Pipeline\\{closure}(Object(Illuminate\\Http\\Request))
#27 C:\\Users\\Home\\Desktop\\3 курс лаб\\2 сем\\веб метелап\\2lab\\ClientFormApp\\vendor\\laravel\\framework\\src\\Illuminate\\Routing\\Router.php(807): Illuminate\\Pipeline\\Pipeline->then(Object(Closure))
#28 C:\\Users\\Home\\Desktop\\3 курс лаб\\2 сем\\веб метелап\\2lab\\ClientFormApp\\vendor\\laravel\\framework\\src\\Illuminate\\Routing\\Router.php(784): Illuminate\\Routing\\Router->runRouteWithinStack(Object(Illuminate\\Routing\\Route), Object(Illuminate\\Http\\Request))
#29 C:\\Users\\Home\\Desktop\\3 курс лаб\\2 сем\\веб метелап\\2lab\\ClientFormApp\\vendor\\laravel\\framework\\src\\Illuminate\\Routing\\Router.php(748): Illuminate\\Routing\\Router->runRoute(Object(Illuminate\\Http\\Request), Object(Illuminate\\Routing\\Route))
#30 C:\\Users\\Home\\Desktop\\3 курс лаб\\2 сем\\веб метелап\\2lab\\ClientFormApp\\vendor\\laravel\\framework\\src\\Illuminate\\Routing\\Router.php(737): Illuminate\\Routing\\Router->dispatchToRoute(Object(Illuminate\\Http\\Request))
#31 C:\\Users\\Home\\Desktop\\3 курс лаб\\2 сем\\веб метелап\\2lab\\ClientFormApp\\vendor\\laravel\\framework\\src\\Illuminate\\Foundation\\Http\\Kernel.php(200): Illuminate\\Routing\\Router->dispatch(Object(Illuminate\\Http\\Request))
#32 C:\\Users\\Home\\Desktop\\3 курс лаб\\2 сем\\веб метелап\\2lab\\ClientFormApp\\vendor\\laravel\\framework\\src\\Illuminate\\Pipeline\\Pipeline.php(144): Illuminate\\Foundation\\Http\\Kernel->Illuminate\\Foundation\\Http\\{closure}(Object(Illuminate\\Http\\Request))
#33 C:\\Users\\Home\\Desktop\\3 курс лаб\\2 сем\\веб метелап\\2lab\\ClientFormApp\\vendor\\laravel\\framework\\src\\Illuminate\\Foundation\\Http\\Middleware\\TransformsRequest.php(21): Illuminate\\Pipeline\\Pipeline->Illuminate\\Pipeline\\{closure}(Object(Illuminate\\Http\\Request))
#34 C:\\Users\\Home\\Desktop\\3 курс лаб\\2 сем\\веб метелап\\2lab\\ClientFormApp\\vendor\\laravel\\framework\\src\\Illuminate\\Foundation\\Http\\Middleware\\ConvertEmptyStringsToNull.php(31): Illuminate\\Foundation\\Http\\Middleware\\TransformsRequest->handle(Object(Illuminate\\Http\\Request), Object(Closure))
#35 C:\\Users\\Home\\Desktop\\3 курс лаб\\2 сем\\веб метелап\\2lab\\ClientFormApp\\vendor\\laravel\\framework\\src\\Illuminate\\Pipeline\\Pipeline.php(183): Illuminate\\Foundation\\Http\\Middleware\\ConvertEmptyStringsToNull->handle(Object(Illuminate\\Http\\Request), Object(Closure))
#36 C:\\Users\\Home\\Desktop\\3 курс лаб\\2 сем\\веб метелап\\2lab\\ClientFormApp\\vendor\\laravel\\framework\\src\\Illuminate\\Foundation\\Http\\Middleware\\TransformsRequest.php(21): Illuminate\\Pipeline\\Pipeline->Illuminate\\Pipeline\\{closure}(Object(Illuminate\\Http\\Request))
#37 C:\\Users\\Home\\Desktop\\3 курс лаб\\2 сем\\веб метелап\\2lab\\ClientFormApp\\vendor\\laravel\\framework\\src\\Illuminate\\Foundation\\Http\\Middleware\\TrimStrings.php(40): Illuminate\\Foundation\\Http\\Middleware\\TransformsRequest->handle(Object(Illuminate\\Http\\Request), Object(Closure))
#38 C:\\Users\\Home\\Desktop\\3 курс лаб\\2 сем\\веб метелап\\2lab\\ClientFormApp\\vendor\\laravel\\framework\\src\\Illuminate\\Pipeline\\Pipeline.php(183): Illuminate\\Foundation\\Http\\Middleware\\TrimStrings->handle(Object(Illuminate\\Http\\Request), Object(Closure))
#39 C:\\Users\\Home\\Desktop\\3 курс лаб\\2 сем\\веб метелап\\2lab\\ClientFormApp\\vendor\\laravel\\framework\\src\\Illuminate\\Foundation\\Http\\Middleware\\ValidatePostSize.php(27): Illuminate\\Pipeline\\Pipeline->Illuminate\\Pipeline\\{closure}(Object(Illuminate\\Http\\Request))
#40 C:\\Users\\Home\\Desktop\\3 курс лаб\\2 сем\\веб метелап\\2lab\\ClientFormApp\\vendor\\laravel\\framework\\src\\Illuminate\\Pipeline\\Pipeline.php(183): Illuminate\\Foundation\\Http\\Middleware\\ValidatePostSize->handle(Object(Illuminate\\Http\\Request), Object(Closure))
#41 C:\\Users\\Home\\Desktop\\3 курс лаб\\2 сем\\веб метелап\\2lab\\ClientFormApp\\vendor\\laravel\\framework\\src\\Illuminate\\Foundation\\Http\\Middleware\\PreventRequestsDuringMaintenance.php(99): Illuminate\\Pipeline\\Pipeline->Illuminate\\Pipeline\\{closure}(Object(Illuminate\\Http\\Request))
#42 C:\\Users\\Home\\Desktop\\3 курс лаб\\2 сем\\веб метелап\\2lab\\ClientFormApp\\vendor\\laravel\\framework\\src\\Illuminate\\Pipeline\\Pipeline.php(183): Illuminate\\Foundation\\Http\\Middleware\\PreventRequestsDuringMaintenance->handle(Object(Illuminate\\Http\\Request), Object(Closure))
#43 C:\\Users\\Home\\Desktop\\3 курс лаб\\2 сем\\веб метелап\\2lab\\ClientFormApp\\vendor\\laravel\\framework\\src\\Illuminate\\Http\\Middleware\\HandleCors.php(49): Illuminate\\Pipeline\\Pipeline->Illuminate\\Pipeline\\{closure}(Object(Illuminate\\Http\\Request))
#44 C:\\Users\\Home\\Desktop\\3 курс лаб\\2 сем\\веб метелап\\2lab\\ClientFormApp\\vendor\\laravel\\framework\\src\\Illuminate\\Pipeline\\Pipeline.php(183): Illuminate\\Http\\Middleware\\HandleCors->handle(Object(Illuminate\\Http\\Request), Object(Closure))
#45 C:\\Users\\Home\\Desktop\\3 курс лаб\\2 сем\\веб метелап\\2lab\\ClientFormApp\\vendor\\laravel\\framework\\src\\Illuminate\\Http\\Middleware\\TrustProxies.php(39): Illuminate\\Pipeline\\Pipeline->Illuminate\\Pipeline\\{closure}(Object(Illuminate\\Http\\Request))
#46 C:\\Users\\Home\\Desktop\\3 курс лаб\\2 сем\\веб метелап\\2lab\\ClientFormApp\\vendor\\laravel\\framework\\src\\Illuminate\\Pipeline\\Pipeline.php(183): Illuminate\\Http\\Middleware\\TrustProxies->handle(Object(Illuminate\\Http\\Request), Object(Closure))
#47 C:\\Users\\Home\\Desktop\\3 курс лаб\\2 сем\\веб метелап\\2lab\\ClientFormApp\\vendor\\laravel\\framework\\src\\Illuminate\\Pipeline\\Pipeline.php(119): Illuminate\\Pipeline\\Pipeline->Illuminate\\Pipeline\\{closure}(Object(Illuminate\\Http\\Request))
#48 C:\\Users\\Home\\Desktop\\3 курс лаб\\2 сем\\веб метелап\\2lab\\ClientFormApp\\vendor\\laravel\\framework\\src\\Illuminate\\Foundation\\Http\\Kernel.php(175): Illuminate\\Pipeline\\Pipeline->then(Object(Closure))
#49 C:\\Users\\Home\\Desktop\\3 курс лаб\\2 сем\\веб метелап\\2lab\\ClientFormApp\\vendor\\laravel\\framework\\src\\Illuminate\\Foundation\\Http\\Kernel.php(144): Illuminate\\Foundation\\Http\\Kernel->sendRequestThroughRouter(Object(Illuminate\\Http\\Request))
#50 C:\\Users\\Home\\Desktop\\3 курс лаб\\2 сем\\веб метелап\\2lab\\ClientFormApp\\public\\index.php(52): Illuminate\\Foundation\\Http\\Kernel->handle(Object(Illuminate\\Http\\Request))
#51 C:\\Users\\Home\\Desktop\\3 курс лаб\\2 сем\\веб метелап\\2lab\\ClientFormApp\\vendor\\laravel\\framework\\src\\Illuminate\\Foundation\\resources\\server.php(16): require_once('C:\\\\Users\\\\Home\\\\D...')
#52 {main}
"} 
